00:08:06 **** Build of configuration Debug for project Flash_test ****
make -r -j8 all 
Building target: Flash_test.axf
Invoking: MCU Linker
arm-none-eabi-gcc -nostdlib -Xlinker -Map="Flash_test.map" -Xlinker --gc-sections -Xlinker -print-memory-usage -Xlinker --sort-section=alignment -Xlinker --cref -mcpu=cortex-m0plus -mthumb -T Flash_test_Debug.ld -o "Flash_test.axf" ./startup/startup_mke16z4.o  ./source/Flash_test.o ./source/mtb.o  ./device/system_MKE16Z4.o   
C:/nxp/MCUXpressoIDE_11.10.0_3148/ide/plugins/com.nxp.mcuxpresso.tools.win32_11.10.0.202311280810/tools/bin/../lib/gcc/arm-none-eabi/13.2.1/../../../../arm-none-eabi/bin/ld.exe: C:/nxp/MCUXpressoIDE_11.10.0_3148/ide/plugins/com.nxp.mcuxpresso.tools.win32_11.10.0.202311280810/tools/bin/../lib/gcc/arm-none-eabi/13.2.1/../../../../arm-none-eabi/lib/thumb/v6-m/nofp\libcr_nohost_nf.a(_cr__main.o): in function `__main':
/opt/jenkins/workspace/Libraries_RedEye/Redlib/redlib_stub_nohost/nf_armv6-m/../src/_cr__main.c:69:(.text.__main+0x6): undefined reference to `main'
Memory region         Used Size  Region Size  %age Used
   PROGRAM_FLASH:        2524 B        64 KB      3.85%
            SRAM:        1336 B         8 KB     16.31%
collect2.exe: error: ld returned 1 exit status
make[1]: *** [makefile:46: Flash_test.axf] Error 1
make: *** [makefile:37: all] Error 2
"make -r -j8 all" terminated with exit code 2. Build might be incomplete.

00:08:06 Build Failed. 3 errors, 0 warnings. (took 670ms)

